[dotenv@17.3.1] injecting env (10) from .env.local -- tip: ⚙️  override existing env vars with { override: true }
Found 252 cards_staging + 0 cards_real to update (dry-run: false)
✓ cards_staging 1f3cb5e5-4925-48b1-aade-fbab8a79b08a
✓ cards_staging b7c0dd82-d6e6-4b6f-a779-454a603e260b
✓ cards_staging b80fd5e6-d2fc-4626-ae50-b732b85f94d9
✓ cards_staging 52f1d4a0-a7ce-4416-a66e-3cf6e3292303
✓ cards_staging 37c84e25-ad0e-42e8-9a65-5b6bdd6e556a
✓ cards_staging 705fd77e-87ff-429e-9615-f72f7a737f6c
✓ cards_staging fb259978-88a0-48b4-a6a8-6d0c6d091cb1
✓ cards_staging 3aec9249-a70b-4bda-b69c-1c5389d3c268
✓ cards_staging 5abe2f77-460d-4d54-8685-4f6173a10413
✓ cards_staging 795dcc39-689b-4a48-8180-87bf16a8ae07
✓ cards_staging 4641f238-a839-40d1-b617-53a5c4d36184
✓ cards_staging 6b977996-817b-4a30-8d96-922b054d6c52
✓ cards_staging 63bc5dc0-b450-45ad-989a-069ab36f3ae7
✓ cards_staging 2cd09e62-ac11-4908-a600-22a669ba55d6
✓ cards_staging d22501ef-5110-4c67-ac13-dddf3faa069a
✓ cards_staging 885d3e93-bf2d-44e7-9bd2-74ce5ec1c351
✓ cards_staging 9880dec3-aaad-42c7-9345-4c54ad274819
✓ cards_staging 56173798-5157-49a9-a771-5d991d9a5d25
✓ cards_staging 3fd02008-133e-4b43-90c7-29a65297d827
✓ cards_staging 9506a9ca-7bbe-4241-8cd0-cb4e22e6dcb3
✓ cards_staging f86e00c4-5897-4a7e-acfa-e59ce96cd957
✓ cards_staging af57c724-078e-47b5-80a7-530c7001bce1
✓ cards_staging 588b90c4-0d67-463b-9cd9-91f7db65d8cd
✓ cards_staging 05f1e60d-d7fc-4ace-96ba-7d00bbc17d0f
✓ cards_staging bda59155-8786-4a69-b94c-c3c1860f1096
✓ cards_staging 11bd2b35-54ab-4407-b883-e867e9f09c8e
✓ cards_staging ed8c406b-951b-4222-ba42-f51323c7b598
✓ cards_staging 5f7b87c8-8141-4013-9d24-a5a12796968d
✓ cards_staging f42f8e9f-72b9-49ed-a942-d76d52a9b4aa
✓ cards_staging 8eae9ffc-b6f9-4372-b401-6952684613a5
✓ cards_staging a4af54fe-a63a-41bb-84eb-9060f0b57cb0
✓ cards_staging 99c94874-d30f-4f87-b6cd-dc4c7afe843f
✓ cards_staging 6448caed-f977-4f5e-b911-a9dbf86001db
✓ cards_staging 18d669b8-f719-46f7-a977-97a304563386
✓ cards_staging 812eff25-74f0-46d6-8b93-5cd4f4fa8776
✓ cards_staging 39650eac-706e-4939-b608-b16ad8a679c1
✓ cards_staging 70fd72e3-6de3-48a2-a8e0-2c7c159bdde8
✓ cards_staging 8bcd0d9a-ee40-4995-96a0-6d6ecabab6dd
✓ cards_staging a3d5712a-034e-4448-a77b-6007d7ffefd7
✓ cards_staging 7b1bce06-1e39-4353-a10d-fee65caa8bbc
✓ cards_staging 1de5ffa3-3d29-4203-956e-de9f90745163
✓ cards_staging 35fe4257-5a1f-40e6-8b5b-1c569735da80
✓ cards_staging 3e77e45e-e615-4dbb-832b-8052cbb5d4e0
✓ cards_staging 1cb7e013-be48-4d7a-b26e-602590aaa5be
✓ cards_staging 88f1ff85-4d06-496b-aa0d-4c18872b1bd7
✓ cards_staging 320e20be-bfd9-4228-8d74-43b62764e2de
✓ cards_staging 40bbcf74-59a5-4ce0-b15c-56939e8cf1ea
✓ cards_staging a5144aa4-ade2-4809-bd7d-8861250e3e67
✓ cards_staging 4585aba2-5115-48e8-923d-bd3eb8042db2
✓ cards_staging 791c91d9-ab10-415d-8345-77a8f4e9b9d0
✓ cards_staging 61bd0777-88f7-4fb9-9e0b-1c897c065d74
✓ cards_staging ec19413e-151d-4347-bb05-295e550f0583
✓ cards_staging f343b176-36f7-46a3-b1cb-c87d4690e37b
✓ cards_staging f354bbd2-1b6a-4ff3-8715-ac9d822e8bad
✓ cards_staging 4966f54e-c819-4aed-acb6-cc62723438fb
✓ cards_staging 6b3bad56-ad9c-472f-8f9a-ac4ba965bbc5
✓ cards_staging b97e0d65-5e6a-4e53-95c8-c72243c9ad38
✓ cards_staging 73a3c8c1-688f-4451-9d6b-ee5bc03a2568
✓ cards_staging 7e17b44f-4338-4988-a30c-161ced54c85e
✓ cards_staging 7bd82ff8-224c-41db-8e59-c28b2cf65b7d
✓ cards_staging 15595540-1828-428b-818c-ac7f248f4758
✓ cards_staging 7b3e6e5c-f991-4813-834a-234bb7655ee9
✓ cards_staging f587685d-b143-4337-b975-f5d0a6f2cb9c
✓ cards_staging 82e247ad-65a9-4cb8-89f8-730624ba0cec
✓ cards_staging 6a83e7e3-6b1e-45e3-ad37-e45d8f9f8355
✓ cards_staging aaf2192a-e7f0-4eed-9886-99ec67085a91
✓ cards_staging 15ca0e63-965c-417a-bed9-e3ec0eff738c
✓ cards_staging 71d75c57-dcd4-49bd-8107-434831623878
✓ cards_staging 91e8806f-d401-4519-abcd-5934c7d791d4
✓ cards_staging 42d1493d-9907-48c8-aa41-b0c004ae8caf
✓ cards_staging 7740bb6d-8d2d-407a-8506-0c2f20295286
✓ cards_staging 846f0c65-be7e-474d-a672-96dba06d6a11
✓ cards_staging 434b0a1a-eb09-4bd9-9474-0a57471e8f37
✓ cards_staging b09f4fd9-ca9b-4ff4-8a87-da3bf7943887
✓ cards_staging 775e04ff-1e51-4e58-ac5f-218576529952
✓ cards_staging 9d7f1466-b828-4871-a8e4-e9819660fc49
✓ cards_staging 684ced13-e999-4159-9901-82b79c99ccb0
✓ cards_staging 6e228c5c-321a-4ddb-9a73-4f8c36eccbf7
✓ cards_staging 21f5f06a-112c-48ab-8c10-b471f299ec7c
✓ cards_staging 64c14faa-0557-45f4-8154-baca27f76887
✓ cards_staging 9287111f-8228-43ba-a835-d2abf72efeeb
✓ cards_staging 7c80e3d9-bf15-41dc-8e4a-630722d3014f
✓ cards_staging 79820c80-0d9b-4cd2-9ef1-3de59779b8f8
✓ cards_staging c4d34b28-c78f-45f2-b1c8-5929b5773f2c
✓ cards_staging f5e961e7-263d-4202-9206-c2e69ab68c7e
✓ cards_staging fa8adb64-3f32-43ba-bed8-f37281c752fb
✓ cards_staging 22b3aeef-ff40-401c-99bb-d34bb001691d
✓ cards_staging e7603b54-e3b9-4579-9ef4-02e1988e71ae
✓ cards_staging 5efed101-8699-4f23-95cb-98995bc79f64
✓ cards_staging 6194fd29-33c9-4248-8990-a14328745e4d
✓ cards_staging 8de3e1e9-9164-4691-bb7f-490efe3ce552
✓ cards_staging 12130734-95b8-4cdf-8b09-b3a247a507d2
✓ cards_staging 4749d816-ca06-4052-ad89-cb0306438cd3
✓ cards_staging d99bf0a7-eabb-46bf-b2e7-7e7bdcc3eaaa
✓ cards_staging 32960e51-24f2-4c0f-a1d5-3e54c28d3f93
✓ cards_staging 18bbd074-18d8-4f09-b696-4ca5e9cfd260
✓ cards_staging f4ad0e29-ec47-46f2-98f2-dfe20c7a9099
✓ cards_staging b37c4d75-d091-4b75-9ff3-99d2d72a463d
✓ cards_staging 8571dfec-4da4-408c-a9bd-1fc762a146c9
✓ cards_staging 853d2f3a-ffa2-4eb7-8c23-7410e9c4c38f
✓ cards_staging 8e37c24a-6395-4062-a7dc-88487fbe372f
✓ cards_staging 7dc5c501-0d02-4bf4-883c-75d0e13e9f51
✓ cards_staging 896b0bff-7e89-4ee4-a412-e1dea150379c
✓ cards_staging 98e09c30-394b-4f96-8f42-cffe3f243f23
✓ cards_staging 22ec4f68-de88-4614-8bf2-00c7dbfb695c
✓ cards_staging 469fa739-7c90-4b4f-95b7-7061758e2784
✓ cards_staging b0635610-6f60-4ee3-92b4-601af7088306
✓ cards_staging f57a1c2e-1f55-44a6-89f7-18d070a2e14b
✓ cards_staging 2c7f2c72-1b8d-44a0-a1a4-84c9bc181891
✓ cards_staging 965995fd-ae87-4129-8b98-75e48f8e00e5
✓ cards_staging 1b71c8fa-cf00-48f7-b3ea-4c17e8113e20
✓ cards_staging 8ccfbcfd-027e-4e44-9002-2d238aaf0f5b
✓ cards_staging e6a53a79-b0fd-4750-83e3-68d7088b4ebe
✓ cards_staging f03b581e-4841-47da-83f7-6cf479daa436
✓ cards_staging 8829c1a0-ca3d-48c7-a1da-706ff766b89b
✓ cards_staging 699bfac4-327e-43df-9707-387bc43ab2c9
✓ cards_staging f03c6ea1-f522-4fd8-a707-23327bae9004
✓ cards_staging 6e6f8fa0-187f-418f-9a1c-9473e858ce5c
✓ cards_staging 015f1416-fbf6-4fe3-b257-808d1e5c41a6
✓ cards_staging 2ac3f927-ede4-4720-85e1-3d492cca28b4
✓ cards_staging d29266c5-e52e-4dd3-8c7b-0574527a2de5
✓ cards_staging d34b56c8-f773-46a3-9f11-f8545fb03f52
✓ cards_staging 37f97114-6dd4-4b1b-8e1e-acb7d02d2e4f
✓ cards_staging 06c45628-80f1-4e3b-b07c-f19b21eaebec
✓ cards_staging 48d58ca1-0dda-41ee-a071-5cf96f7aefaa
✓ cards_staging 46d05298-808f-4fbe-b977-17ea5b081658
✓ cards_staging becb0ed9-70de-456d-b21a-fe85707f5624
✓ cards_staging 80212b89-b64f-457c-8884-c14fd7226b13
✓ cards_staging 10a5a889-095c-442b-b3e0-2774151f1da6
✓ cards_staging 404ec027-c94b-4eb3-8f5f-3872c4980142
✓ cards_staging e5a5ba4b-d9ad-4c97-9006-b05e8662fdd7
✓ cards_staging 269ad696-fbd3-48ac-91cc-dbf4331ad2f4
✓ cards_staging 5f04d220-3621-4af3-9dae-2fc0db2d974b
✓ cards_staging 6d7e7295-3ff9-48aa-945a-9c1a65e39e30
✓ cards_staging 273f08b1-ae40-4df6-84ce-e0b6b19ad473
✓ cards_staging fd0664f9-9747-441e-8ed5-95766b338e99
✓ cards_staging 495de482-d1a1-4feb-abcb-d0e65ab24b84
✓ cards_staging e9859db2-e0fb-48ae-906d-091d04f3874a
✓ cards_staging f61a3ca8-aab5-4cf4-88e2-ccfafa3df583
✓ cards_staging 82821543-058e-4110-a1d4-aad75514ecb9
✓ cards_staging 5474388e-d236-4253-a726-00ff466bef31
✓ cards_staging 610341f3-7834-41d8-9df2-4ec95d41d97c
✓ cards_staging 302bd9ff-ec8b-46a1-8425-154fa276e46f
✓ cards_staging 5b50efa7-4898-474c-aaba-41ef3e1372c4
✓ cards_staging 98f36a0c-41e1-481f-85e0-3918a792320c
✓ cards_staging a489b84c-cc74-4b89-89bd-4160aaba05ff
✓ cards_staging 4aeef26d-33ab-4506-a190-0e367d797bae
✓ cards_staging de593735-f1e1-4ef5-a0a5-d7391f77f7b8
✓ cards_staging a6913306-5fee-46b9-a520-445c5b911668
✓ cards_staging 0255e242-2ef5-42e2-ba35-7deccba34bce
✓ cards_staging e59520b3-981b-421a-b203-39bda161bfd6
✓ cards_staging 0247fa10-9a98-4db6-b8c0-f7b2e3f25313
✓ cards_staging 734cd798-f27d-4eee-9d08-cc8d2c405491
✓ cards_staging c9f31045-0612-4a74-884c-f0baacdeca8d
✓ cards_staging 5614db9a-76d9-4d32-bbc1-31e3ad6bc5bf
✓ cards_staging 285154e9-f634-460e-8d58-3698b7b6ba06
✓ cards_staging a3518f0b-0d12-4ff8-8c2f-e5741b5bbc89
✓ cards_staging f0db35ac-ab42-4bad-afe4-3bd8f0ce214f
✓ cards_staging 2fa5bb7c-92b0-48e4-adb3-b31e7f27e66c
✓ cards_staging b38bbef6-1af0-4c84-b26d-7514681ab96d
✓ cards_staging 6b5a3da1-8055-4dba-accc-7549ea3eae7c
✓ cards_staging d5b5076c-100f-4647-a467-ece85a311264
✓ cards_staging 1477818b-3d9a-4100-a69a-ca8e32c4a596
✓ cards_staging e5a3628a-49fe-45b2-ab76-72c50603970c
✓ cards_staging 3a8a9477-a959-43ab-b801-1083612948cf
✓ cards_staging 096b565c-cbfc-449c-b0ef-26a16682208b
✓ cards_staging 850e67c8-b3fd-4655-8e53-3d1e2014f1be
✓ cards_staging 0ad65e15-f018-4fe9-9894-1501c525e06a
✓ cards_staging 0d27e4ba-8e3c-4283-85c4-86be2aadfe32
✓ cards_staging 4f22b612-027b-4ed5-a246-b4566c62b8be
✓ cards_staging 4012f9d4-e683-48bc-b258-a2060c69ee4e
✓ cards_staging 849e67b3-f61a-4235-995f-e8ee622573d0
✓ cards_staging 0967a840-e64b-40bd-9c71-71c3ab9f1777
✓ cards_staging b628ef4d-3fac-45ab-8b16-9ed7f9a0a909
✓ cards_staging 6462e673-1de9-4aa7-a43e-31970541240e
✓ cards_staging 23eb52f0-aa37-41cc-9d70-cae881d7a62b
✓ cards_staging 0566dc1a-7037-4dd4-9808-67b95caeb264
✓ cards_staging 6c2075ec-ebdb-4d5d-b48e-6197b610cfac
✓ cards_staging 9f4233bc-ebc0-46db-bf09-a3cded94010d
✓ cards_staging bb4e7442-5991-40d0-a4d1-16e5ebce851d
✓ cards_staging 5bc6a703-1efd-435e-b27a-3c64b7c5dcb5
✓ cards_staging b49e3a8d-897d-4fc8-9d11-450dbc039b74
✓ cards_staging b673e311-7fdd-4272-9776-879819bbefd2
✓ cards_staging 40c168f6-03c9-4405-99d4-db257a49afca
✓ cards_staging e669cf36-349a-425b-b49c-86c160b4bb3f
✓ cards_staging b9604f62-7934-472c-a695-a5dc3c497a69
✓ cards_staging 0389d5ae-7ab8-4031-9bab-256ad5d1b858
✓ cards_staging d172910f-f393-4317-9862-61b0a9f4a9d1
✓ cards_staging 4d7cb62e-6982-42a9-851c-bb613f37fb60
✓ cards_staging 2103d33e-fdeb-4e03-8456-c21de30305af
✓ cards_staging 48c7fd74-c69f-4b4f-a7de-c241692b8310
✓ cards_staging 209d2ee3-4754-4e9d-ab99-8a422e7854ba
✓ cards_staging d1e289fd-67d0-49ec-bfb9-e3331f099c94
✓ cards_staging 6d3e6127-e855-43d5-83a3-1f1ba4c833a0
✓ cards_staging 2f5bd213-dc8f-4e56-aeae-2d95feafba2d
✓ cards_staging 51aa41f1-9585-408f-a105-c57186aece82
✓ cards_staging 12c5b485-890d-49f1-be2b-3b82134bd905
✓ cards_staging 46ed9a1c-3626-4fb1-a267-77ae3dac2ff2
✓ cards_staging fbef99d5-eb57-4c30-b2de-ec3c00849c85
✓ cards_staging f9bb1c1b-7604-44c3-8ca5-86a6ba33ff82
✓ cards_staging 20185166-6641-41cb-8fdf-e12493d09e57
✓ cards_staging d9844b7d-ca92-4385-9c2c-9dc9a569c50b
✓ cards_staging b5d6ec41-8745-4574-9211-c2ec547f15ab
✓ cards_staging 31a841a7-fd60-406f-926f-0589109da5a1
✓ cards_staging 78eba62e-00bb-4edb-b0c3-cdd6962f9dde
✓ cards_staging 908ce177-09ee-468a-8ae2-6c437967726b
✓ cards_staging 0c39a46d-d826-4002-b6b8-dff27fae9e9b
✓ cards_staging 8ccac697-9108-4e08-bc17-8dccc953c2b7
✓ cards_staging d9b42de7-c6f5-49de-b0a6-24fe0a6e0fa7
✓ cards_staging 02bfb1f6-9206-42f2-a5d3-acb2793f116b
✓ cards_staging 190525ce-b6d7-46d5-8982-411d62899a3e
✓ cards_staging 239a3520-84af-44c0-b437-73735b864c43
✓ cards_staging 0c1a7ecb-4de4-43e8-b31d-73c52364bebc
✓ cards_staging d1676d49-2557-4421-8c8d-544d4f23693e
✓ cards_staging 3bdf5d21-0c22-4d43-996a-ecd6cef1ea41
✓ cards_staging d26f60dd-04b6-45a5-b6e5-82527dce1154
✓ cards_staging 4216972a-f3fb-4e22-9d24-d4b17284ea64
✓ cards_staging 3845c966-6843-4e85-b56e-b7dd454ffd99
✓ cards_staging 9f3275be-b339-491f-a6af-14ff30938477
✓ cards_staging da0dea87-5fd9-4439-a98c-148111422afa
✓ cards_staging d4c7da6f-6870-47b0-8083-52a400cb63a0
✓ cards_staging 1a9b53b3-63d9-4739-9ade-05348716a7dd
✓ cards_staging e7a0d517-b825-4b38-8032-a8bc770ee8ac
✓ cards_staging acd98bc7-f2d2-4add-bb35-4e064b4bdb71
✓ cards_staging cca5127e-4702-46ae-bfee-1e2c53320c4f
✓ cards_staging f5bb257f-46a5-40f5-9229-3d77941de769
✓ cards_staging 91a07f00-d849-4a71-8194-283f99895d97
✓ cards_staging 936d1c24-716e-4117-a2d0-a4156c6a19eb
✓ cards_staging 59d331a9-9396-4014-8627-bb5b539806dd
✓ cards_staging c9785e9e-7ba0-47ac-902e-28db2d29e75f
✓ cards_staging be27371d-7383-4416-a511-b30d13b88f80
✓ cards_staging 1b7be2ae-727b-48f5-9447-68ee41858f00
✓ cards_staging db4fef3a-14d6-4a49-a77c-b87be4da60e0
✓ cards_staging df367721-80d4-4fb3-a49f-e3890ad0670c
✓ cards_staging 67525b2e-c0bb-4856-a7ee-624c874236b8
✓ cards_staging 2c321676-899e-417b-bd43-e8c84f77a7fb
✓ cards_staging c162f5af-30c0-4cc8-b330-4ed2695cde6b
✓ cards_staging d1120e69-9af1-45c8-8333-3f41d19997f2
✓ cards_staging 72144c47-234f-42d3-91a6-54135f2cbb2a
✓ cards_staging 3a46d16c-31cf-4737-9898-c1da3b0c85a1
✓ cards_staging 80291a38-bd5d-48b6-9b4f-b4891e0e3292
✓ cards_staging 6cc404c8-ee02-4294-90bc-2b5617a25d31
✓ cards_staging 3d3ab49d-0703-4c6d-bdd4-c9b4d752a73f
✓ cards_staging 3947eadc-2a20-4037-8575-5d12580448fb
✓ cards_staging 99774273-b652-40cd-81b1-873526972f39
✓ cards_staging 33aeb4f6-d01f-42a3-8bd5-e8bc8e15923f
✓ cards_staging 21cf1612-9cff-4559-a92a-3f2dbcff6a0e
✓ cards_staging 3ae976b9-9649-4e7e-90f7-454531e0d7f6
✓ cards_staging 9836ea75-1dcc-4e04-83e0-a320d5248e66
✓ cards_staging 01d3219e-eaef-4346-be9d-d8dcacf46cda
✓ cards_staging d905827e-364d-42fc-b116-0f7943e569fb
✓ cards_staging b888b375-da62-49bf-ad1c-d91bcdc66294

Done. Updated: 252, Failed: 0
